2026-02-05 12:06:30,572 | INFO | Приложение запущено
2026-02-05 12:06:39,846 | INFO | Обработка завершена за 0.07с
2026-02-05 12:06:39,847 | INFO | Обработан файл: Противопожарные конструкции_МСК__2026-02-05_08_45_32.csv
2026-02-05 12:06:39,848 | INFO |   Всего строк: 773
2026-02-05 12:06:39,848 | INFO |   Валидных: 287
2026-02-05 12:06:39,849 | INFO |   Дубликатов удалено: 369
2026-02-05 12:06:39,849 | INFO |   Невалидных телефонов: 117
2026-02-05 12:07:04,254 | INFO | Тема изменена на: light
2026-02-05 12:07:08,014 | INFO | Тема изменена на: dark
2026-02-05 12:07:22,895 | INFO | Обработка завершена за 0.06с
2026-02-05 12:07:22,895 | INFO | Обработан файл: Противопожарные конструкции_МСК__2026-02-05_08_45_32.csv
2026-02-05 12:07:22,897 | INFO |   Всего строк: 773
2026-02-05 12:07:22,897 | INFO |   Валидных: 287
2026-02-05 12:07:22,897 | INFO |   Дубликатов удалено: 369
2026-02-05 12:07:22,897 | INFO |   Невалидных телефонов: 117
2026-02-05 12:08:01,363 | INFO | Анализ данных выполнен
2026-02-05 12:08:01,363 | INFO |   LEAD: 6341, DEAL: 13
2026-02-05 12:08:01,363 | INFO |   Конверсия: 0.2%
2026-02-05 12:08:08,102 | INFO | Тема изменена на: light
2026-02-05 12:08:11,079 | INFO | Тема изменена на: dark
2026-02-05 12:09:34,035 | INFO | Приложение запущено
2026-02-05 12:09:42,148 | INFO | Обработка завершена за 0.07с
2026-02-05 12:09:42,148 | INFO | Обработан файл: Противопожарные конструкции_МСК__2026-02-05_08_45_32.csv
2026-02-05 12:09:42,149 | INFO |   Всего строк: 773
2026-02-05 12:09:42,149 | INFO |   Валидных: 287
2026-02-05 12:09:42,149 | INFO |   Дубликатов удалено: 369
2026-02-05 12:09:42,149 | INFO |   Невалидных телефонов: 117
2026-02-05 12:10:04,993 | INFO | Приложение запущено
2026-02-05 12:10:14,719 | INFO | Обработка завершена за 0.07с
2026-02-05 12:10:14,719 | INFO | Обработан файл: Противопожарные конструкции_МСК__2026-02-05_08_45_32.csv
2026-02-05 12:10:14,719 | INFO |   Всего строк: 773
2026-02-05 12:10:14,719 | INFO |   Валидных: 287
2026-02-05 12:10:14,721 | INFO |   Дубликатов удалено: 369
2026-02-05 12:10:14,721 | INFO |   Невалидных телефонов: 117
2026-02-05 12:14:44,122 | INFO | Приложение запущено
2026-02-05 12:14:50,400 | INFO | Обработка завершена за 0.06с
2026-02-05 12:14:50,400 | INFO | Обработан файл: Противопожарные конструкции_МСК__2026-02-05_08_45_32.csv
2026-02-05 12:14:50,400 | INFO |   Всего строк: 773
2026-02-05 12:14:50,400 | INFO |   Валидных: 287
2026-02-05 12:14:50,401 | INFO |   Дубликатов удалено: 369
2026-02-05 12:14:50,401 | INFO |   Невалидных телефонов: 117
2026-02-05 13:35:38,746 | INFO | Экспорт в Битрикс: C:/Users/direct01/Desktop/bitrix_import.csv
2026-02-05 13:35:38,747 | INFO |   Строк экспортировано: 287
2026-02-05 14:58:42,151 | INFO | Приложение запущено
2026-02-05 15:05:17,256 | INFO | Приложение запущено
2026-02-05 15:20:13,024 | INFO | Приложение запущено
2026-02-05 15:21:05,003 | ERROR | Город Саратов не найден в списке
2026-02-05 15:21:05,003 | INFO | Сгенерирована 1 ссылка для Саратов
2026-02-05 15:21:07,054 | INFO | Сгенерировано 1 ссылок: Саратов, Производство мебели
2026-02-05 15:21:18,934 | INFO | Сгенерирована 1 ссылка для Самара
2026-02-05 15:21:20,667 | INFO | Сгенерировано 1 ссылок: Самара, Производство мебели
2026-02-05 15:21:26,255 | ERROR | Город Саратов не найден в списке
2026-02-05 15:21:26,256 | INFO | Сгенерирована 1 ссылка для Саратов
2026-02-05 15:21:27,348 | INFO | Сгенерировано 1 ссылок: Саратов, Производство мебели
2026-02-05 15:21:37,152 | INFO | Сгенерировано 20 ссылок для Москва по районам
2026-02-05 15:21:38,339 | INFO | Сгенерировано 20 ссылок: Москва, Производство мебели
2026-02-05 15:21:46,291 | ERROR | Город Саратов не найден в списке
2026-02-05 15:21:46,292 | INFO | Сгенерирована 1 ссылка для Саратов
2026-02-05 15:21:47,680 | INFO | Сгенерировано 1 ссылок: Саратов, Производство мебели
2026-02-05 15:21:57,427 | INFO | Сгенерировано 20 ссылок для Москва по районам
2026-02-05 15:21:58,448 | INFO | Сгенерировано 20 ссылок: Москва, Производство мебели
2026-02-05 15:27:41,280 | INFO | Сгенерировано 20 ссылок для Москва по районам
2026-02-05 15:27:42,875 | INFO | Сгенерировано 20 ссылок: Москва, Производство мебели
2026-02-05 15:45:05,197 | INFO | Приложение запущено
2026-02-05 15:45:53,227 | INFO | Сгенерировано 20 ссылок для Москва по районам
2026-02-05 15:45:54,592 | INFO | Сгенерировано 20 ссылок: Москва, Производство Мебели
2026-02-05 15:48:55,873 | INFO | Приложение запущено
2026-02-05 15:49:06,574 | INFO | Сгенерировано 20 ссылок для Москва по районам
2026-02-05 15:49:07,580 | INFO | Сгенерировано 20 ссылок: Москва, Производство мебели
2026-02-05 15:55:37,640 | INFO | Приложение запущено
2026-02-05 15:56:08,361 | INFO | Сгенерировано 20 ссылок для Москва по районам
2026-02-05 15:56:09,802 | INFO | Сгенерировано 20 ссылок: Москва, Производство окон
2026-02-05 15:57:52,313 | INFO | Приложение запущено
2026-02-05 15:58:12,650 | INFO | Сгенерировано 20 ссылок для Москва по районам
2026-02-05 15:58:13,600 | INFO | Сгенерировано 20 ссылок: Москва, Производство Окон
2026-02-05 16:01:18,369 | INFO | Приложение запущено
2026-02-05 16:01:58,708 | INFO | Приложение запущено
2026-02-05 16:05:43,755 | INFO | Приложение запущено
2026-02-05 16:06:06,400 | INFO | Сгенерировано 20 ссылок для Москва по районам
2026-02-05 16:06:07,407 | INFO | Сгенерировано 20 ссылок: Москва, Производство окон
2026-02-05 16:08:37,276 | INFO | Приложение запущено
2026-02-05 16:09:10,363 | INFO | Сгенерировано 20 ссылок для Москва по районам
2026-02-05 16:09:11,356 | INFO | Сгенерировано 20 ссылок: Москва, Производство окон
2026-02-05 16:09:12,219 | INFO | Создание задания: YandexMaps Parse 20260205_160912, робот: yandexmaps, URLs: 20
2026-02-05 16:09:12,827 | INFO | Задание создано: ID=7290
2026-02-05 16:09:12,840 | INFO | Задание Webbee создано: ID 7290
2026-02-05 16:09:12,842 | INFO | Запуск задания: ID=7290
2026-02-05 16:09:13,494 | INFO | Задание запущено успешно
2026-02-05 16:09:13,496 | INFO | Задание Webbee запущено: ID 7290
2026-02-05 16:09:13,496 | INFO | Ожидание завершения задания 7290...
2026-02-05 16:09:14,063 | INFO | Статус задания 7290: обработано 0/0, успешно: 0
2026-02-05 16:09:29,700 | INFO | Статус задания 7290: обработано 0/20, успешно: 0
2026-02-05 16:09:45,454 | INFO | Статус задания 7290: обработано 0/20, успешно: 0
2026-02-05 16:10:01,067 | INFO | Статус задания 7290: обработано 0/20, успешно: 0
2026-02-05 16:10:17,097 | INFO | Статус задания 7290: обработано 0/20, успешно: 0
2026-02-05 16:10:32,689 | INFO | Статус задания 7290: обработано 0/20, успешно: 0
2026-02-05 16:10:48,297 | INFO | Статус задания 7290: обработано 4/20, успешно: 4
2026-02-05 16:11:04,007 | INFO | Статус задания 7290: обработано 8/20, успешно: 8
2026-02-05 16:11:19,730 | INFO | Статус задания 7290: обработано 16/20, успешно: 16
2026-02-05 16:11:36,579 | INFO | Статус задания 7290: обработано 20/20, успешно: 20
2026-02-05 16:11:36,582 | INFO | Задание 7290 завершено!
2026-02-05 16:11:36,591 | INFO | Скачивание результатов задания 7290
2026-02-05 16:11:42,611 | ERROR | Ошибка запроса: Expecting value: line 2 column 1 (char 1)
2026-02-05 16:11:44,267 | ERROR | Ошибка скачивания результатов Webbee
2026-02-05 16:12:17,669 | INFO | Приложение запущено
2026-02-05 16:12:37,008 | INFO | Webbee API токен сохранен
2026-02-05 16:12:47,450 | INFO | Приложение запущено
2026-02-05 16:18:11,912 | INFO | Приложение запущено
2026-02-05 16:18:24,959 | INFO | Webbee API токен сохранен
2026-02-05 16:18:36,991 | INFO | Сгенерировано 20 ссылок для Москва по районам
2026-02-05 16:18:38,094 | INFO | Сгенерировано 20 ссылок: Москва, Производство Окон
2026-02-05 16:18:39,648 | INFO | Создание задания: YandexMaps Parse 20260205_161839, робот: yandexmaps, URLs: 20
2026-02-05 16:18:40,404 | INFO | Задание создано: ID=7291
2026-02-05 16:18:40,416 | INFO | Задание Webbee создано: ID 7291
2026-02-05 16:18:40,424 | INFO | Запуск задания: ID=7291
2026-02-05 16:18:41,029 | INFO | Задание запущено успешно
2026-02-05 16:18:41,030 | INFO | Задание Webbee запущено: ID 7291
2026-02-05 16:18:41,031 | INFO | Ожидание завершения задания 7291...
2026-02-05 16:18:41,598 | INFO | Статус задания 7291: обработано 0/0, успешно: 0
2026-02-05 16:18:58,055 | INFO | Статус задания 7291: обработано 0/20, успешно: 0
2026-02-05 16:19:13,696 | INFO | Статус задания 7291: обработано 8/20, успешно: 8
2026-02-05 16:19:29,245 | INFO | Статус задания 7291: обработано 12/20, успешно: 12
2026-02-05 16:19:45,749 | INFO | Статус задания 7291: обработано 20/20, успешно: 20
2026-02-05 16:19:45,752 | INFO | Задание 7291 завершено!
2026-02-05 16:19:45,769 | INFO | Скачивание результатов задания 7291
2026-02-05 16:19:51,481 | ERROR | Ошибка запроса: Expecting value: line 2 column 1 (char 1)
2026-02-05 16:19:51,483 | ERROR | Ошибка получения результатов: Expecting value: line 2 column 1 (char 1)
2026-02-05 16:19:54,881 | ERROR | Ошибка скачивания результатов Webbee
2026-02-05 16:28:57,233 | INFO | Приложение запущено
2026-02-05 16:29:34,469 | INFO | Сгенерирована 1 ссылка для Саратов
2026-02-05 16:29:35,626 | INFO | Сгенерировано 1 ссылок: Саратов, Производство окон
2026-02-05 16:30:02,685 | INFO | Webbee API токен сохранен
2026-02-05 16:30:03,601 | INFO | Создание задания: YandexMaps Parse 20260205_163003, робот: yandexmaps, URLs: 1
2026-02-05 16:30:04,289 | INFO | Задание создано: ID=7293
2026-02-05 16:30:04,302 | INFO | Задание Webbee создано: ID 7293
2026-02-05 16:30:04,305 | INFO | Запуск задания: ID=7293
2026-02-05 16:30:04,939 | INFO | Задание запущено успешно
2026-02-05 16:30:04,940 | INFO | Задание Webbee запущено: ID 7293
2026-02-05 16:30:04,942 | INFO | Ожидание завершения задания 7293...
2026-02-05 16:30:05,561 | INFO | Статус задания 7293: обработано 0/0, успешно: 0
2026-02-05 16:30:21,172 | INFO | Статус задания 7293: обработано 0/1, успешно: 0
2026-02-05 16:30:36,775 | INFO | Статус задания 7293: обработано 0/1, успешно: 0
2026-02-05 16:30:52,375 | INFO | Статус задания 7293: обработано 0/1, успешно: 0
2026-02-05 16:31:07,977 | INFO | Статус задания 7293: обработано 0/1, успешно: 0
2026-02-05 16:31:23,645 | INFO | Статус задания 7293: обработано 1/1, успешно: 1
2026-02-05 16:31:23,647 | INFO | Задание 7293 завершено!
2026-02-05 16:31:23,658 | INFO | Скачивание результатов задания 7293
2026-02-05 16:31:29,772 | ERROR | Ошибка парсинга CSV: Error tokenizing data. C error: Expected 6 fields in line 6, saw 7

2026-02-05 16:31:29,783 | INFO | Получено 162 записей (разделитель ';')
2026-02-05 16:39:44,714 | INFO | Webbee парсинг завершен: 162 записей, файл: data/processed/webbee_yandexmaps_1770294689.csv
2026-02-05 16:39:56,868 | INFO | Приложение запущено
2026-02-05 16:40:14,972 | INFO | Сгенерирована 1 ссылка для Москва
2026-02-05 16:40:15,918 | INFO | Сгенерировано 1 ссылок: Москва, Производство окон
2026-02-05 16:40:37,550 | INFO | Webbee API токен сохранен
2026-02-05 16:40:45,831 | ERROR | Критическая ошибка Webbee: name 'segment' is not defined
2026-02-05 16:43:52,258 | INFO | Приложение запущено
2026-02-05 16:44:36,491 | INFO | Сгенерирована 1 ссылка для Москва
2026-02-05 16:44:37,479 | INFO | Сгенерировано 1 ссылок: Москва, Сертификация услуг
2026-02-05 16:44:43,260 | INFO | Webbee API токен сохранен
2026-02-05 16:44:45,932 | ERROR | Критическая ошибка Webbee: name 'segment' is not defined
2026-02-05 16:45:02,598 | INFO | Приложение запущено
2026-02-05 16:45:08,597 | INFO | Webbee API токен сохранен
2026-02-05 16:45:27,867 | INFO | Сгенерирована 1 ссылка для Москва
2026-02-05 16:45:28,857 | INFO | Сгенерировано 1 ссылок: Москва, Сертификация услуг
2026-02-05 16:45:30,069 | INFO | Создание задания: Сертификация услуг Москва 20260205_164530, робот: yandexmaps, URLs: 1
2026-02-05 16:45:30,678 | INFO | Задание создано: ID=7294
2026-02-05 16:45:30,686 | INFO | Задание Webbee создано: ID 7294
2026-02-05 16:45:30,698 | INFO | Запуск задания: ID=7294
2026-02-05 16:45:31,291 | INFO | Задание запущено успешно
2026-02-05 16:45:31,298 | INFO | Задание Webbee запущено: ID 7294
2026-02-05 16:45:31,298 | INFO | Ожидание завершения задания 7294...
2026-02-05 16:45:31,869 | INFO | Статус задания 7294: обработано 0/0, успешно: 0
2026-02-05 16:45:47,463 | INFO | Статус задания 7294: обработано 0/1, успешно: 0
2026-02-05 16:46:03,222 | INFO | Статус задания 7294: обработано 0/1, успешно: 0
2026-02-05 16:46:18,823 | INFO | Статус задания 7294: обработано 0/1, успешно: 0
2026-02-05 16:46:34,413 | INFO | Статус задания 7294: обработано 0/1, успешно: 0
2026-02-05 16:46:50,055 | INFO | Статус задания 7294: обработано 0/1, успешно: 0
2026-02-05 16:47:05,614 | INFO | Статус задания 7294: обработано 0/1, успешно: 0
2026-02-05 16:47:21,168 | INFO | Статус задания 7294: обработано 0/1, успешно: 0
2026-02-05 16:47:36,714 | INFO | Статус задания 7294: обработано 0/1, успешно: 0
2026-02-05 16:47:52,338 | INFO | Статус задания 7294: обработано 0/1, успешно: 0
2026-02-05 16:48:07,940 | INFO | Статус задания 7294: обработано 0/1, успешно: 0
2026-02-05 16:48:23,567 | INFO | Статус задания 7294: обработано 0/1, успешно: 0
2026-02-05 16:48:39,585 | INFO | Статус задания 7294: обработано 0/1, успешно: 0
2026-02-05 16:48:55,243 | INFO | Статус задания 7294: обработано 0/1, успешно: 0
2026-02-05 16:49:10,847 | INFO | Статус задания 7294: обработано 0/1, успешно: 0
2026-02-05 16:49:26,446 | INFO | Статус задания 7294: обработано 0/1, успешно: 0
2026-02-05 16:49:42,033 | INFO | Статус задания 7294: обработано 0/1, успешно: 0
2026-02-05 16:49:57,594 | INFO | Статус задания 7294: обработано 1/1, успешно: 1
2026-02-05 16:49:57,596 | INFO | Задание 7294 завершено!
2026-02-05 16:49:57,601 | INFO | Скачивание результатов задания 7294
2026-02-05 16:50:04,418 | INFO | Получено 847 записей (разделитель ',')
2026-02-05 16:51:22,469 | INFO | Webbee парсинг завершен: 847 записей, файл: data/processed/webbee_yandexmaps_1770295804.csv
2026-02-05 16:51:32,701 | INFO | Сгенерирована 1 ссылка для Москва
2026-02-05 16:51:33,865 | INFO | Сгенерировано 1 ссылок: Москва, продажа массажного кресла
2026-02-05 16:51:34,535 | INFO | Сгенерирована 1 ссылка для Москва
2026-02-05 16:51:35,582 | INFO | Сгенерировано 1 ссылок: Москва, продажа массажного кресла
2026-02-05 16:51:37,845 | INFO | Создание задания: продажа массажного кресла Москва 20260205_165137, робот: yandexmaps, URLs: 1
2026-02-05 16:51:38,452 | INFO | Задание создано: ID=7295
2026-02-05 16:51:38,462 | INFO | Задание Webbee создано: ID 7295
2026-02-05 16:51:38,471 | INFO | Запуск задания: ID=7295
2026-02-05 16:51:39,042 | INFO | Задание запущено успешно
2026-02-05 16:51:39,044 | INFO | Задание Webbee запущено: ID 7295
2026-02-05 16:51:39,044 | INFO | Ожидание завершения задания 7295...
2026-02-05 16:51:39,611 | INFO | Статус задания 7295: обработано 0/0, успешно: 0
2026-02-05 16:51:55,292 | INFO | Статус задания 7295: обработано 0/1, успешно: 0
2026-02-05 16:52:10,886 | INFO | Статус задания 7295: обработано 0/1, успешно: 0
2026-02-05 16:52:26,481 | INFO | Статус задания 7295: обработано 0/1, успешно: 0
2026-02-05 16:52:42,072 | INFO | Статус задания 7295: обработано 1/1, успешно: 1
2026-02-05 16:52:57,645 | INFO | Статус задания 7295: обработано 1/1, успешно: 1
2026-02-05 16:52:57,648 | INFO | Задание 7295 завершено!
2026-02-05 16:52:57,651 | INFO | Скачивание результатов задания 7295
2026-02-05 16:53:03,989 | INFO | Получено 20 записей (разделитель ',')
2026-02-05 16:53:08,488 | INFO | Webbee парсинг завершен: 20 записей, файл: data/processed/webbee_yandexmaps_1770295983.csv
2026-02-05 16:54:03,715 | INFO | Сохранено 1 менеджеров
2026-02-05 16:54:05,244 | INFO | Обработка завершена за 0.02с
2026-02-05 16:54:05,244 | INFO | Обработан файл: webbee_yandexmaps_1770295983.csv
2026-02-05 16:54:05,244 | INFO |   Всего строк: 20
2026-02-05 16:54:05,244 | INFO |   Валидных: 0
2026-02-05 16:54:05,245 | INFO |   Дубликатов удалено: 0
2026-02-05 16:54:05,245 | INFO |   Невалидных телефонов: 20
2026-02-05 17:01:46,310 | INFO | Обработка завершена за 0.03с
2026-02-05 17:01:46,311 | INFO | Обработан файл: Массажные кресла_МСК_05.02.26__2026-02-05_15_58_02.csv
2026-02-05 17:01:46,311 | INFO |   Всего строк: 125
2026-02-05 17:01:46,311 | INFO |   Валидных: 41
2026-02-05 17:01:46,312 | INFO |   Дубликатов удалено: 48
2026-02-05 17:01:46,312 | INFO |   Невалидных телефонов: 36
2026-02-05 17:02:11,053 | INFO | Экспорт в Битрикс: C:/Users/direct01/Downloads/bitrix_import.csv
2026-02-05 17:02:11,053 | INFO |   Строк экспортировано: 41
2026-02-05 17:15:04,168 | INFO | Приложение запущено
2026-02-05 17:16:00,031 | INFO | Webbee API токен сохранен
2026-02-05 17:16:14,658 | INFO | Сгенерирована 1 ссылка для Саратов
2026-02-05 17:16:15,527 | INFO | Сгенерировано 1 ссылок: Саратов, Продажа Массажных Кресел
2026-02-05 17:16:16,417 | INFO | Создание задания: Продажа Массажных Кресел Саратов 20260205_171616, робот: yandexmaps, URLs: 1
2026-02-05 17:16:17,100 | INFO | Задание создано: ID=7297
2026-02-05 17:16:17,108 | INFO | Задание Webbee создано: ID 7297
2026-02-05 17:16:17,116 | INFO | Запуск задания: ID=7297
2026-02-05 17:16:17,769 | INFO | Задание запущено успешно
2026-02-05 17:16:17,776 | INFO | Задание Webbee запущено: ID 7297
2026-02-05 17:16:17,776 | INFO | Ожидание завершения задания 7297...
2026-02-05 17:16:18,367 | INFO | Статус задания 7297: обработано 0/0, успешно: 0
2026-02-05 17:16:33,961 | INFO | Статус задания 7297: обработано 0/1, успешно: 0
2026-02-05 17:16:49,553 | INFO | Статус задания 7297: обработано 0/1, успешно: 0
2026-02-05 17:17:05,149 | INFO | Статус задания 7297: обработано 1/1, успешно: 1
2026-02-05 17:17:05,154 | INFO | Задание 7297 завершено!
2026-02-05 17:17:05,165 | INFO | Скачивание результатов задания 7297
2026-02-05 17:17:11,052 | INFO | Получено 15 записей (разделитель TAB)
2026-02-05 17:23:24,470 | INFO | Webbee парсинг завершен: 15 записей, файл: data/processed/webbee_yandexmaps_1770297431.csv
